[ 2014-03-07T21:37:29+08:00 ] 127.0.0.1 /fMail.php/Index/login?username=11302010010&password=082019
INFO: [ route_check ] --START--
INFO: CheckRoute Behavior ::run [ RunTime:0.001155s ]
INFO: [ route_check ] --END-- [ RunTime:0.001380s ]
INFO: [ app_begin ] --START--
INFO: ReadHtmlCache Behavior ::run [ RunTime:0.000762s ]
INFO: [ app_begin ] --END-- [ RunTime:0.000900s ]
NOTIC: [8] Undefined variable: imap D:\wamp\www\fMail\Lib\Action\IndexAction.class.php 第 19 行.

[ 2014-03-07T21:37:30+08:00 ] 127.0.0.1 /fMail.php/Index/login?username=11302010010&password=082019
INFO: [ route_check ] --START--
INFO: CheckRoute Behavior ::run [ RunTime:0.001582s ]
INFO: [ route_check ] --END-- [ RunTime:0.001832s ]
INFO: [ app_begin ] --START--
INFO: ReadHtmlCache Behavior ::run [ RunTime:0.000841s ]
INFO: [ app_begin ] --END-- [ RunTime:0.001002s ]
NOTIC: [8] Undefined variable: imap D:\wamp\www\fMail\Lib\Action\IndexAction.class.php 第 19 行.

[ 2014-03-07T21:37:30+08:00 ] 127.0.0.1 /fMail.php/Index/login?username=11302010010&password=082019
INFO: [ route_check ] --START--
INFO: CheckRoute Behavior ::run [ RunTime:0.000971s ]
INFO: [ route_check ] --END-- [ RunTime:0.001176s ]
INFO: [ app_begin ] --START--
INFO: ReadHtmlCache Behavior ::run [ RunTime:0.000760s ]
INFO: [ app_begin ] --END-- [ RunTime:0.000892s ]
NOTIC: [8] Undefined variable: imap D:\wamp\www\fMail\Lib\Action\IndexAction.class.php 第 19 行.

