[ 2014-03-09T16:03:19+08:00 ] 127.0.0.1 /fMail.php/Index/login?username=11302010010&password=0d
INFO: [ route_check ] --START--
INFO: CheckRoute Behavior ::run [ RunTime:0.003877s ]
INFO: [ route_check ] --END-- [ RunTime:0.007413s ]
INFO: [ app_begin ] --START--
INFO: ReadHtmlCache Behavior ::run [ RunTime:0.001652s ]
INFO: [ app_begin ] --END-- [ RunTime:0.001806s ]

[ 2014-03-09T16:03:20+08:00 ] 127.0.0.1 /fMail.php/Index/login?username=11302010010&password=0d
INFO: [ route_check ] --START--
INFO: CheckRoute Behavior ::run [ RunTime:0.000801s ]
INFO: [ route_check ] --END-- [ RunTime:0.000932s ]
INFO: [ app_begin ] --START--
INFO: ReadHtmlCache Behavior ::run [ RunTime:0.000553s ]
INFO: [ app_begin ] --END-- [ RunTime:0.000649s ]

[ 2014-03-09T16:03:21+08:00 ] 127.0.0.1 /fMail.php/Index/login?username=11302010010&password=0d
INFO: [ route_check ] --START--
INFO: CheckRoute Behavior ::run [ RunTime:0.000956s ]
INFO: [ route_check ] --END-- [ RunTime:0.001117s ]
INFO: [ app_begin ] --START--
INFO: ReadHtmlCache Behavior ::run [ RunTime:0.000703s ]
INFO: [ app_begin ] --END-- [ RunTime:0.000831s ]

[ 2014-03-09T16:03:34+08:00 ] 127.0.0.1 /fMail.php/Index/login?username=11302010010&password=082019
INFO: [ route_check ] --START--
INFO: CheckRoute Behavior ::run [ RunTime:0.001147s ]
INFO: [ route_check ] --END-- [ RunTime:0.001285s ]
INFO: [ app_begin ] --START--
INFO: ReadHtmlCache Behavior ::run [ RunTime:0.000712s ]
INFO: [ app_begin ] --END-- [ RunTime:0.000810s ]

[ 2014-03-09T16:03:46+08:00 ] 127.0.0.1 /fMail.php/Index/login?username=11302010010&password=082019
INFO: [ route_check ] --START--
INFO: CheckRoute Behavior ::run [ RunTime:0.001119s ]
INFO: [ route_check ] --END-- [ RunTime:0.001299s ]
INFO: [ app_begin ] --START--
INFO: ReadHtmlCache Behavior ::run [ RunTime:0.000936s ]
INFO: [ app_begin ] --END-- [ RunTime:0.001127s ]

[ 2014-03-09T16:03:58+08:00 ] 127.0.0.1 /fMail.php/Index/login?username=11302010010&password=0d
INFO: [ route_check ] --START--
INFO: CheckRoute Behavior ::run [ RunTime:0.001208s ]
INFO: [ route_check ] --END-- [ RunTime:0.001401s ]
INFO: [ app_begin ] --START--
INFO: ReadHtmlCache Behavior ::run [ RunTime:0.000909s ]
INFO: [ app_begin ] --END-- [ RunTime:0.001066s ]
NOTIC: [2] imap_open() [<a href='function.imap-open'>function.imap-open</a>]: Couldn't open stream {mail.fudan.edu.cn:143}INBOX D:\wamp\www\fMail\Lib\Action\IndexAction.class.php 第 27 行.

[ 2014-03-09T16:04:21+08:00 ] 127.0.0.1 /fMail.php/Index/login?username=11302010010&password=0d
INFO: [ route_check ] --START--
INFO: CheckRoute Behavior ::run [ RunTime:0.001005s ]
INFO: [ route_check ] --END-- [ RunTime:0.001161s ]
INFO: [ app_begin ] --START--
INFO: ReadHtmlCache Behavior ::run [ RunTime:0.000710s ]
INFO: [ app_begin ] --END-- [ RunTime:0.000837s ]
NOTIC: [2] imap_open() [<a href='function.imap-open'>function.imap-open</a>]: Couldn't open stream {mail.fudan.edu.cn:143}INBOX D:\wamp\www\fMail\Lib\Action\IndexAction.class.php 第 27 行.

[ 2014-03-09T16:04:34+08:00 ] 127.0.0.1 /fMail.php/Index/login?username=11302010010&password=082019
INFO: [ route_check ] --START--
INFO: CheckRoute Behavior ::run [ RunTime:0.002147s ]
INFO: [ route_check ] --END-- [ RunTime:0.002478s ]
INFO: [ app_begin ] --START--
INFO: ReadHtmlCache Behavior ::run [ RunTime:0.000690s ]
INFO: [ app_begin ] --END-- [ RunTime:0.000794s ]
NOTIC: [2] imap_open() [<a href='function.imap-open'>function.imap-open</a>]: Couldn't open stream {mail.fudan.edu.cn:143}INBOX D:\wamp\www\fMail\Lib\Action\IndexAction.class.php 第 27 行.

[ 2014-03-09T16:04:51+08:00 ] 127.0.0.1 /fMail.php/Index/login?username=11302010010&password=082019
INFO: [ route_check ] --START--
INFO: CheckRoute Behavior ::run [ RunTime:0.000729s ]
INFO: [ route_check ] --END-- [ RunTime:0.000851s ]
INFO: [ app_begin ] --START--
INFO: ReadHtmlCache Behavior ::run [ RunTime:0.000530s ]
INFO: [ app_begin ] --END-- [ RunTime:0.000622s ]
NOTIC: [2] imap_open() [<a href='function.imap-open'>function.imap-open</a>]: Couldn't open stream {mail.fudan.edu.cn:143}INBOX D:\wamp\www\fMail\Lib\Action\IndexAction.class.php 第 27 行.

[ 2014-03-09T16:05:00+08:00 ] 127.0.0.1 /fMail.php/Index/login?username=11302010010&password=0d
INFO: [ route_check ] --START--
INFO: CheckRoute Behavior ::run [ RunTime:0.000964s ]
INFO: [ route_check ] --END-- [ RunTime:0.001124s ]
INFO: [ app_begin ] --START--
INFO: ReadHtmlCache Behavior ::run [ RunTime:0.000771s ]
INFO: [ app_begin ] --END-- [ RunTime:0.000903s ]
NOTIC: [2] imap_open() [<a href='function.imap-open'>function.imap-open</a>]: Couldn't open stream {mail.fudan.edu.cn:143}INBOX D:\wamp\www\fMail\Lib\Action\IndexAction.class.php 第 27 行.

[ 2014-03-09T16:05:41+08:00 ] 127.0.0.1 /fMail.php/Index/login?username=11302010010&password=082019
INFO: [ route_check ] --START--
INFO: CheckRoute Behavior ::run [ RunTime:0.000926s ]
INFO: [ route_check ] --END-- [ RunTime:0.001050s ]
INFO: [ app_begin ] --START--
INFO: ReadHtmlCache Behavior ::run [ RunTime:0.000691s ]
INFO: [ app_begin ] --END-- [ RunTime:0.000789s ]
NOTIC: [2] imap_open() [<a href='function.imap-open'>function.imap-open</a>]: Couldn't open stream {mail.fudan.edu.cn:143}INBOX D:\wamp\www\fMail\Lib\Action\IndexAction.class.php 第 27 行.

[ 2014-03-09T16:06:42+08:00 ] 127.0.0.1 /fMail.php/Index/login?username=11302010010&password=082019
INFO: [ route_check ] --START--
INFO: CheckRoute Behavior ::run [ RunTime:0.000791s ]
INFO: [ route_check ] --END-- [ RunTime:0.000923s ]
INFO: [ app_begin ] --START--
INFO: ReadHtmlCache Behavior ::run [ RunTime:0.000690s ]
INFO: [ app_begin ] --END-- [ RunTime:0.000788s ]
NOTIC: [2] imap_open() [<a href='function.imap-open'>function.imap-open</a>]: Couldn't open stream {mail.fudan.edu.cn:143}INBOX D:\wamp\www\fMail\Lib\Action\IndexAction.class.php 第 27 行.
NOTIC: [2] imap_ping() expects parameter 1 to be resource, boolean given D:\wamp\www\fMail\Lib\Action\IndexAction.class.php 第 28 行.

[ 2014-03-09T16:06:51+08:00 ] 127.0.0.1 /fMail.php/Index/login?username=11302010010&password=0d
INFO: [ route_check ] --START--
INFO: CheckRoute Behavior ::run [ RunTime:0.001006s ]
INFO: [ route_check ] --END-- [ RunTime:0.001153s ]
INFO: [ app_begin ] --START--
INFO: ReadHtmlCache Behavior ::run [ RunTime:0.000741s ]
INFO: [ app_begin ] --END-- [ RunTime:0.000845s ]
NOTIC: [2] imap_open() [<a href='function.imap-open'>function.imap-open</a>]: Couldn't open stream {mail.fudan.edu.cn:143}INBOX D:\wamp\www\fMail\Lib\Action\IndexAction.class.php 第 27 行.
NOTIC: [2] imap_ping() expects parameter 1 to be resource, boolean given D:\wamp\www\fMail\Lib\Action\IndexAction.class.php 第 28 行.

[ 2014-03-09T16:07:34+08:00 ] 127.0.0.1 /fMail.php/Index/login?username=11302010010&password=082019
INFO: [ route_check ] --START--
INFO: CheckRoute Behavior ::run [ RunTime:0.001200s ]
INFO: [ route_check ] --END-- [ RunTime:0.001390s ]
INFO: [ app_begin ] --START--
INFO: ReadHtmlCache Behavior ::run [ RunTime:0.000939s ]
INFO: [ app_begin ] --END-- [ RunTime:0.001107s ]
NOTIC: [2] imap_open() [<a href='function.imap-open'>function.imap-open</a>]: Couldn't open stream {mail.fudan.edu.cn:143}INBOX D:\wamp\www\fMail\Lib\Action\IndexAction.class.php 第 27 行.
NOTIC: [2] imap_ping() expects parameter 1 to be resource, boolean given D:\wamp\www\fMail\Lib\Action\IndexAction.class.php 第 28 行.

[ 2014-03-09T16:08:07+08:00 ] 127.0.0.1 /fMail.php/Index/login?username=11302010010&password=082019
INFO: [ route_check ] --START--
INFO: CheckRoute Behavior ::run [ RunTime:0.001506s ]
INFO: [ route_check ] --END-- [ RunTime:0.001703s ]
INFO: [ app_begin ] --START--
INFO: ReadHtmlCache Behavior ::run [ RunTime:0.001056s ]
INFO: [ app_begin ] --END-- [ RunTime:0.001220s ]

[ 2014-03-09T16:08:09+08:00 ] 127.0.0.1 /fMail.php/Index/login?username=11302010010&password=082019
INFO: [ route_check ] --START--
INFO: CheckRoute Behavior ::run [ RunTime:0.001226s ]
INFO: [ route_check ] --END-- [ RunTime:0.001406s ]
INFO: [ app_begin ] --START--
INFO: ReadHtmlCache Behavior ::run [ RunTime:0.000881s ]
INFO: [ app_begin ] --END-- [ RunTime:0.001035s ]

[ 2014-03-09T16:08:10+08:00 ] 127.0.0.1 /fMail.php/Index/login?username=11302010010&password=082019
INFO: [ route_check ] --START--
INFO: CheckRoute Behavior ::run [ RunTime:0.000971s ]
INFO: [ route_check ] --END-- [ RunTime:0.001125s ]
INFO: [ app_begin ] --START--
INFO: ReadHtmlCache Behavior ::run [ RunTime:0.000736s ]
INFO: [ app_begin ] --END-- [ RunTime:0.000864s ]

[ 2014-03-09T16:08:41+08:00 ] 127.0.0.1 /fMail.php/Index/login?username=11302010010&password=082019
INFO: [ route_check ] --START--
INFO: CheckRoute Behavior ::run [ RunTime:0.000964s ]
INFO: [ route_check ] --END-- [ RunTime:0.001103s ]
INFO: [ app_begin ] --START--
INFO: ReadHtmlCache Behavior ::run [ RunTime:0.000817s ]
INFO: [ app_begin ] --END-- [ RunTime:0.000916s ]

[ 2014-03-09T16:08:43+08:00 ] 127.0.0.1 /fMail.php/Index/login?username=11302010010&password=082019
INFO: [ route_check ] --START--
INFO: CheckRoute Behavior ::run [ RunTime:0.000957s ]
INFO: [ route_check ] --END-- [ RunTime:0.001112s ]
INFO: [ app_begin ] --START--
INFO: ReadHtmlCache Behavior ::run [ RunTime:0.000702s ]
INFO: [ app_begin ] --END-- [ RunTime:0.000828s ]

[ 2014-03-09T16:08:53+08:00 ] 127.0.0.1 /fMail.php/Index/login?username=11302010010&password=0d
INFO: [ route_check ] --START--
INFO: CheckRoute Behavior ::run [ RunTime:0.000813s ]
INFO: [ route_check ] --END-- [ RunTime:0.000938s ]
INFO: [ app_begin ] --START--
INFO: ReadHtmlCache Behavior ::run [ RunTime:0.000671s ]
INFO: [ app_begin ] --END-- [ RunTime:0.000776s ]
NOTIC: [2] imap_open() [<a href='function.imap-open'>function.imap-open</a>]: Couldn't open stream {mail.fudan.edu.cn:143}INBOX D:\wamp\www\fMail\Lib\Action\IndexAction.class.php 第 27 行.

[ 2014-03-09T16:10:28+08:00 ] 127.0.0.1 /fMail.php/Index/login?username=11302010010&password=0d
INFO: [ route_check ] --START--
INFO: CheckRoute Behavior ::run [ RunTime:0.000830s ]
INFO: [ route_check ] --END-- [ RunTime:0.000956s ]
INFO: [ app_begin ] --START--
INFO: ReadHtmlCache Behavior ::run [ RunTime:0.000639s ]
INFO: [ app_begin ] --END-- [ RunTime:0.000738s ]
NOTIC: [2] imap_open() [<a href='function.imap-open'>function.imap-open</a>]: Couldn't open stream {mail.fudan.edu.cn:143}INBOX D:\wamp\www\fMail\Lib\Action\IndexAction.class.php 第 27 行.

[ 2014-03-09T19:23:08+08:00 ] 127.0.0.1 /fMail.php/Test/get
INFO: [ route_check ] --START--
INFO: CheckRoute Behavior ::run [ RunTime:0.000956s ]
INFO: [ route_check ] --END-- [ RunTime:0.001081s ]
INFO: [ app_begin ] --START--
INFO: ReadHtmlCache Behavior ::run [ RunTime:0.001175s ]
INFO: [ app_begin ] --END-- [ RunTime:0.001362s ]
ERR: 无法加载模块:Test

[ 2014-03-09T19:23:13+08:00 ] 127.0.0.1 /fMail.php/Index/login?username=11302010010&password=082019
INFO: [ route_check ] --START--
INFO: CheckRoute Behavior ::run [ RunTime:0.001585s ]
INFO: [ route_check ] --END-- [ RunTime:0.001825s ]
INFO: [ app_begin ] --START--
INFO: ReadHtmlCache Behavior ::run [ RunTime:0.001000s ]
INFO: [ app_begin ] --END-- [ RunTime:0.001168s ]

[ 2014-03-09T19:23:25+08:00 ] 127.0.0.1 /fMail.php/Index/getNumMsg
INFO: [ route_check ] --START--
INFO: CheckRoute Behavior ::run [ RunTime:0.000986s ]
INFO: [ route_check ] --END-- [ RunTime:0.001131s ]
INFO: [ app_begin ] --START--
INFO: ReadHtmlCache Behavior ::run [ RunTime:0.000708s ]
INFO: [ app_begin ] --END-- [ RunTime:0.000807s ]

[ 2014-03-09T19:23:57+08:00 ] 127.0.0.1 /fMail.php/Index/getNumMsg
INFO: [ route_check ] --START--
INFO: CheckRoute Behavior ::run [ RunTime:0.000765s ]
INFO: [ route_check ] --END-- [ RunTime:0.000896s ]
INFO: [ app_begin ] --START--
INFO: ReadHtmlCache Behavior ::run [ RunTime:0.000560s ]
INFO: [ app_begin ] --END-- [ RunTime:0.000655s ]

[ 2014-03-09T19:24:01+08:00 ] 127.0.0.1 /fMail.php/Index/getNumUnread
INFO: [ route_check ] --START--
INFO: CheckRoute Behavior ::run [ RunTime:0.002627s ]
INFO: [ route_check ] --END-- [ RunTime:0.002876s ]
INFO: [ app_begin ] --START--
INFO: ReadHtmlCache Behavior ::run [ RunTime:0.000743s ]
INFO: [ app_begin ] --END-- [ RunTime:0.000865s ]

[ 2014-03-09T19:46:40+08:00 ] 127.0.0.1 /fMail.php/Index/SetReaded?uid=1386802849
INFO: [ route_check ] --START--
INFO: CheckRoute Behavior ::run [ RunTime:0.002557s ]
INFO: [ route_check ] --END-- [ RunTime:0.002986s ]
INFO: [ app_begin ] --START--
INFO: ReadHtmlCache Behavior ::run [ RunTime:0.002628s ]
INFO: [ app_begin ] --END-- [ RunTime:0.003092s ]

[ 2014-03-09T19:46:50+08:00 ] 127.0.0.1 /fMail.php/Index/SetReaded?uid=13
INFO: [ route_check ] --START--
INFO: CheckRoute Behavior ::run [ RunTime:0.001778s ]
INFO: [ route_check ] --END-- [ RunTime:0.001996s ]
INFO: [ app_begin ] --START--
INFO: ReadHtmlCache Behavior ::run [ RunTime:0.001523s ]
INFO: [ app_begin ] --END-- [ RunTime:0.001729s ]

[ 2014-03-09T19:51:46+08:00 ] 127.0.0.1 /fMail.php/Index/send%EF%BC%9Fto=11302010010@fudan.edu.cn
INFO: [ route_check ] --START--
INFO: CheckRoute Behavior ::run [ RunTime:0.002084s ]
INFO: [ route_check ] --END-- [ RunTime:0.002487s ]
INFO: [ app_begin ] --START--
INFO: ReadHtmlCache Behavior ::run [ RunTime:0.001828s ]
INFO: [ app_begin ] --END-- [ RunTime:0.002168s ]
ERR: 非法操作:send？to=11302010010@fudan.edu.cn

[ 2014-03-09T19:51:51+08:00 ] 127.0.0.1 /fMail.php/Index/send?to=11302010010@fudan.edu.cn
INFO: [ route_check ] --START--
INFO: CheckRoute Behavior ::run [ RunTime:0.001687s ]
INFO: [ route_check ] --END-- [ RunTime:0.001938s ]
INFO: [ app_begin ] --START--
INFO: ReadHtmlCache Behavior ::run [ RunTime:0.001150s ]
INFO: [ app_begin ] --END-- [ RunTime:0.001353s ]
ERR: 非法操作:send

[ 2014-03-09T19:51:59+08:00 ] 127.0.0.1 /fMail.php/Index/sendMail?to=11302010010@fudan.edu.cn
INFO: [ route_check ] --START--
INFO: CheckRoute Behavior ::run [ RunTime:0.001936s ]
INFO: [ route_check ] --END-- [ RunTime:0.002169s ]
INFO: [ app_begin ] --START--
INFO: ReadHtmlCache Behavior ::run [ RunTime:0.000942s ]
INFO: [ app_begin ] --END-- [ RunTime:0.001096s ]
NOTIC: [8] Use of undefined constant name - assumed 'name' D:\wamp\www\fMail\Lib\Action\IndexAction.class.php 第 111 行.

[ 2014-03-09T19:53:45+08:00 ] 127.0.0.1 /fMail.php/Index/sendMail?toAddress=11302010010@fudan.edu.cn
INFO: [ route_check ] --START--
INFO: CheckRoute Behavior ::run [ RunTime:0.002951s ]
INFO: [ route_check ] --END-- [ RunTime:0.003321s ]
INFO: [ app_begin ] --START--
INFO: ReadHtmlCache Behavior ::run [ RunTime:0.001149s ]
INFO: [ app_begin ] --END-- [ RunTime:0.001333s ]
NOTIC: [8] Use of undefined constant name - assumed 'name' D:\wamp\www\fMail\Lib\Action\IndexAction.class.php 第 111 行.

[ 2014-03-09T19:54:49+08:00 ] 127.0.0.1 /fMail.php/Index/sendMail?toAddress=11302010010@fudan.edu.cn&subject=&content=
INFO: [ route_check ] --START--
INFO: CheckRoute Behavior ::run [ RunTime:0.001747s ]
INFO: [ route_check ] --END-- [ RunTime:0.001991s ]
INFO: [ app_begin ] --START--
INFO: ReadHtmlCache Behavior ::run [ RunTime:0.001812s ]
INFO: [ app_begin ] --END-- [ RunTime:0.002117s ]
NOTIC: [8] Use of undefined constant name - assumed 'name' D:\wamp\www\fMail\Lib\Action\IndexAction.class.php 第 111 行.

[ 2014-03-09T19:54:56+08:00 ] 127.0.0.1 /fMail.php/Index/sendMail?toAddress=11302010010@fudan.edu.cn&subject=1&content=
INFO: [ route_check ] --START--
INFO: CheckRoute Behavior ::run [ RunTime:0.002182s ]
INFO: [ route_check ] --END-- [ RunTime:0.002508s ]
INFO: [ app_begin ] --START--
INFO: ReadHtmlCache Behavior ::run [ RunTime:0.001467s ]
INFO: [ app_begin ] --END-- [ RunTime:0.001690s ]
NOTIC: [8] Use of undefined constant name - assumed 'name' D:\wamp\www\fMail\Lib\Action\IndexAction.class.php 第 111 行.

[ 2014-03-09T19:54:58+08:00 ] 127.0.0.1 /fMail.php/Index/sendMail?toAddress=11302010010@fudan.edu.cn&subject=1&content=1
INFO: [ route_check ] --START--
INFO: CheckRoute Behavior ::run [ RunTime:0.001575s ]
INFO: [ route_check ] --END-- [ RunTime:0.001810s ]
INFO: [ app_begin ] --START--
INFO: ReadHtmlCache Behavior ::run [ RunTime:0.001197s ]
INFO: [ app_begin ] --END-- [ RunTime:0.001409s ]
NOTIC: [8] Use of undefined constant name - assumed 'name' D:\wamp\www\fMail\Lib\Action\IndexAction.class.php 第 111 行.

[ 2014-03-09T19:56:31+08:00 ] 127.0.0.1 /fMail.php/Index/sendMail?toAddress=11302010010@fudan.edu.cn&subject=&content=1
INFO: [ route_check ] --START--
INFO: CheckRoute Behavior ::run [ RunTime:0.002213s ]
INFO: [ route_check ] --END-- [ RunTime:0.002559s ]
INFO: [ app_begin ] --START--
INFO: ReadHtmlCache Behavior ::run [ RunTime:0.001733s ]
INFO: [ app_begin ] --END-- [ RunTime:0.002049s ]
NOTIC: [8] Use of undefined constant name - assumed 'name' D:\wamp\www\fMail\Lib\Action\IndexAction.class.php 第 111 行.

[ 2014-03-09T19:57:59+08:00 ] 127.0.0.1 /fMail.php/Index/sendMail?toAddress=11302010010@fudan.edu.cn&subject=&content=
INFO: [ route_check ] --START--
INFO: CheckRoute Behavior ::run [ RunTime:0.001832s ]
INFO: [ route_check ] --END-- [ RunTime:0.002062s ]
INFO: [ app_begin ] --START--
INFO: ReadHtmlCache Behavior ::run [ RunTime:0.001503s ]
INFO: [ app_begin ] --END-- [ RunTime:0.001706s ]
NOTIC: [8] Use of undefined constant name - assumed 'name' D:\wamp\www\fMail\Lib\Action\IndexAction.class.php 第 111 行.

[ 2014-03-09T19:59:25+08:00 ] 127.0.0.1 /fMail.php/Index/sendMail?toAddress=15618416fudan.edu.cn&subject=&content=
INFO: [ route_check ] --START--
INFO: CheckRoute Behavior ::run [ RunTime:0.002205s ]
INFO: [ route_check ] --END-- [ RunTime:0.002500s ]
INFO: [ app_begin ] --START--
INFO: ReadHtmlCache Behavior ::run [ RunTime:0.001907s ]
INFO: [ app_begin ] --END-- [ RunTime:0.002228s ]
NOTIC: [8] Use of undefined constant name - assumed 'name' D:\wamp\www\fMail\Lib\Action\IndexAction.class.php 第 111 行.

[ 2014-03-09T19:59:32+08:00 ] 127.0.0.1 /fMail.php/Index/sendMail?toAddress=15618416&fudan.edu.cn&subject=&content=
INFO: [ route_check ] --START--
INFO: CheckRoute Behavior ::run [ RunTime:0.002901s ]
INFO: [ route_check ] --END-- [ RunTime:0.003342s ]
INFO: [ app_begin ] --START--
INFO: ReadHtmlCache Behavior ::run [ RunTime:0.002264s ]
INFO: [ app_begin ] --END-- [ RunTime:0.002584s ]
NOTIC: [8] Use of undefined constant name - assumed 'name' D:\wamp\www\fMail\Lib\Action\IndexAction.class.php 第 111 行.

[ 2014-03-09T19:59:38+08:00 ] 127.0.0.1 /fMail.php/Index/sendMail?toAddress=15618416&fudan.edu.cn&subject=&content=
INFO: [ route_check ] --START--
INFO: CheckRoute Behavior ::run [ RunTime:0.004397s ]
INFO: [ route_check ] --END-- [ RunTime:0.005110s ]
INFO: [ app_begin ] --START--
INFO: ReadHtmlCache Behavior ::run [ RunTime:0.002419s ]
INFO: [ app_begin ] --END-- [ RunTime:0.002932s ]
NOTIC: [8] Use of undefined constant name - assumed 'name' D:\wamp\www\fMail\Lib\Action\IndexAction.class.php 第 111 行.

[ 2014-03-09T19:59:51+08:00 ] 127.0.0.1 /fMail.php/Index/sendMail?toAddress=15618416@fudan.edu.cn&subject=&content=
INFO: [ route_check ] --START--
INFO: CheckRoute Behavior ::run [ RunTime:0.001786s ]
INFO: [ route_check ] --END-- [ RunTime:0.002017s ]
INFO: [ app_begin ] --START--
INFO: ReadHtmlCache Behavior ::run [ RunTime:0.001273s ]
INFO: [ app_begin ] --END-- [ RunTime:0.001483s ]
NOTIC: [8] Use of undefined constant name - assumed 'name' D:\wamp\www\fMail\Lib\Action\IndexAction.class.php 第 111 行.

[ 2014-03-09T19:59:57+08:00 ] 127.0.0.1 /fMail.php/Index/sendMail?toAddress=15618416@fudan.edu.cn&subject=&content=1
INFO: [ route_check ] --START--
INFO: CheckRoute Behavior ::run [ RunTime:0.001500s ]
INFO: [ route_check ] --END-- [ RunTime:0.001726s ]
INFO: [ app_begin ] --START--
INFO: ReadHtmlCache Behavior ::run [ RunTime:0.001028s ]
INFO: [ app_begin ] --END-- [ RunTime:0.001197s ]
NOTIC: [8] Use of undefined constant name - assumed 'name' D:\wamp\www\fMail\Lib\Action\IndexAction.class.php 第 111 行.

[ 2014-03-09T20:09:40+08:00 ] 127.0.0.1 /fMail.php/Index/sendMail?toAddress=15618416@fudan.edu.cn&subject=&content=
INFO: [ route_check ] --START--
INFO: CheckRoute Behavior ::run [ RunTime:0.001791s ]
INFO: [ route_check ] --END-- [ RunTime:0.002039s ]
INFO: [ app_begin ] --START--
INFO: ReadHtmlCache Behavior ::run [ RunTime:0.001175s ]
INFO: [ app_begin ] --END-- [ RunTime:0.001349s ]
NOTIC: [8] Use of undefined constant name - assumed 'name' D:\wamp\www\fMail\Lib\Action\IndexAction.class.php 第 111 行.

[ 2014-03-09T20:09:41+08:00 ] 127.0.0.1 /fMail.php/Index/sendMail?toAddress=15618416&fudan.edu.cn&subject=&content=
INFO: [ route_check ] --START--
INFO: CheckRoute Behavior ::run [ RunTime:0.001750s ]
INFO: [ route_check ] --END-- [ RunTime:0.001974s ]
INFO: [ app_begin ] --START--
INFO: ReadHtmlCache Behavior ::run [ RunTime:0.001085s ]
INFO: [ app_begin ] --END-- [ RunTime:0.001272s ]
NOTIC: [8] Use of undefined constant name - assumed 'name' D:\wamp\www\fMail\Lib\Action\IndexAction.class.php 第 111 行.

[ 2014-03-09T20:09:41+08:00 ] 127.0.0.1 /fMail.php/Index/sendMail?toAddress=15618416fudan.edu.cn&subject=&content=
INFO: [ route_check ] --START--
INFO: CheckRoute Behavior ::run [ RunTime:0.003477s ]
INFO: [ route_check ] --END-- [ RunTime:0.003879s ]
INFO: [ app_begin ] --START--
INFO: ReadHtmlCache Behavior ::run [ RunTime:0.002077s ]
INFO: [ app_begin ] --END-- [ RunTime:0.002406s ]
NOTIC: [8] Use of undefined constant name - assumed 'name' D:\wamp\www\fMail\Lib\Action\IndexAction.class.php 第 111 行.

[ 2014-03-09T20:09:42+08:00 ] 127.0.0.1 /fMail.php/Index/sendMail?toAddress=11302010010@fudan.edu.cn&subject=&content=
INFO: [ route_check ] --START--
INFO: CheckRoute Behavior ::run [ RunTime:0.001950s ]
INFO: [ route_check ] --END-- [ RunTime:0.002222s ]
INFO: [ app_begin ] --START--
INFO: ReadHtmlCache Behavior ::run [ RunTime:0.001329s ]
INFO: [ app_begin ] --END-- [ RunTime:0.001532s ]
NOTIC: [8] Use of undefined constant name - assumed 'name' D:\wamp\www\fMail\Lib\Action\IndexAction.class.php 第 111 行.

[ 2014-03-09T20:09:44+08:00 ] 127.0.0.1 /fMail.php/Index/sendMail?toAddress=11302010010@fudan.edu.cn&subject=&content=
INFO: [ route_check ] --START--
INFO: CheckRoute Behavior ::run [ RunTime:0.002571s ]
INFO: [ route_check ] --END-- [ RunTime:0.003051s ]
INFO: [ app_begin ] --START--
INFO: ReadHtmlCache Behavior ::run [ RunTime:0.001461s ]
INFO: [ app_begin ] --END-- [ RunTime:0.001712s ]
NOTIC: [8] Use of undefined constant name - assumed 'name' D:\wamp\www\fMail\Lib\Action\IndexAction.class.php 第 111 行.

[ 2014-03-09T20:09:45+08:00 ] 127.0.0.1 /fMail.php/Index/sendMail?toAddress=11302010010@fudan.edu.cn&subject=&content=
INFO: [ route_check ] --START--
INFO: CheckRoute Behavior ::run [ RunTime:0.002596s ]
INFO: [ route_check ] --END-- [ RunTime:0.002977s ]
INFO: [ app_begin ] --START--
INFO: ReadHtmlCache Behavior ::run [ RunTime:0.001933s ]
INFO: [ app_begin ] --END-- [ RunTime:0.002254s ]
NOTIC: [8] Use of undefined constant name - assumed 'name' D:\wamp\www\fMail\Lib\Action\IndexAction.class.php 第 111 行.

[ 2014-03-09T20:09:45+08:00 ] 127.0.0.1 /fMail.php/Index/sendMail?toAddress=11302010010@fudan.edu.cn&subject=&content=
INFO: [ route_check ] --START--
INFO: CheckRoute Behavior ::run [ RunTime:0.002659s ]
INFO: [ route_check ] --END-- [ RunTime:0.003131s ]
INFO: [ app_begin ] --START--
INFO: ReadHtmlCache Behavior ::run [ RunTime:0.001966s ]
INFO: [ app_begin ] --END-- [ RunTime:0.002289s ]
NOTIC: [8] Use of undefined constant name - assumed 'name' D:\wamp\www\fMail\Lib\Action\IndexAction.class.php 第 111 行.

[ 2014-03-09T20:09:52+08:00 ] 127.0.0.1 /fMail.php/Index/sendMail?toAddress=11302010010@fudan.edu.cn&subject=&content=
INFO: [ route_check ] --START--
INFO: CheckRoute Behavior ::run [ RunTime:0.002787s ]
INFO: [ route_check ] --END-- [ RunTime:0.003151s ]
INFO: [ app_begin ] --START--
INFO: ReadHtmlCache Behavior ::run [ RunTime:0.001579s ]
INFO: [ app_begin ] --END-- [ RunTime:0.001824s ]
NOTIC: [8] Use of undefined constant name - assumed 'name' D:\wamp\www\fMail\Lib\Action\IndexAction.class.php 第 111 行.

[ 2014-03-09T20:09:53+08:00 ] 127.0.0.1 /fMail.php/Index/sendMail?toAddress=11302010010@fudan.edu.cn&subject=&content=
INFO: [ route_check ] --START--
INFO: CheckRoute Behavior ::run [ RunTime:0.002920s ]
INFO: [ route_check ] --END-- [ RunTime:0.003583s ]
INFO: [ app_begin ] --START--
INFO: ReadHtmlCache Behavior ::run [ RunTime:0.001993s ]
INFO: [ app_begin ] --END-- [ RunTime:0.002309s ]
NOTIC: [8] Use of undefined constant name - assumed 'name' D:\wamp\www\fMail\Lib\Action\IndexAction.class.php 第 111 行.

[ 2014-03-09T20:09:53+08:00 ] 127.0.0.1 /fMail.php/Index/sendMail?toAddress=11302010010@fudan.edu.cn&subject=&content=
INFO: [ route_check ] --START--
INFO: CheckRoute Behavior ::run [ RunTime:0.001537s ]
INFO: [ route_check ] --END-- [ RunTime:0.001752s ]
INFO: [ app_begin ] --START--
INFO: ReadHtmlCache Behavior ::run [ RunTime:0.001142s ]
INFO: [ app_begin ] --END-- [ RunTime:0.001322s ]
NOTIC: [8] Use of undefined constant name - assumed 'name' D:\wamp\www\fMail\Lib\Action\IndexAction.class.php 第 111 行.

[ 2014-03-09T20:10:10+08:00 ] 127.0.0.1 /fMail.php/Index/sendMail?toAddress=11302010010@fudan.edu.cn&subject=&content=1
INFO: [ route_check ] --START--
INFO: CheckRoute Behavior ::run [ RunTime:0.001602s ]
INFO: [ route_check ] --END-- [ RunTime:0.001842s ]
INFO: [ app_begin ] --START--
INFO: ReadHtmlCache Behavior ::run [ RunTime:0.001723s ]
INFO: [ app_begin ] --END-- [ RunTime:0.002080s ]
NOTIC: [8] Use of undefined constant name - assumed 'name' D:\wamp\www\fMail\Lib\Action\IndexAction.class.php 第 111 行.

[ 2014-03-09T20:10:19+08:00 ] 127.0.0.1 /fMail.php/Index/sendMail?toAddress=11302010010@fudan.edu.cn&subject=
INFO: [ route_check ] --START--
INFO: CheckRoute Behavior ::run [ RunTime:0.002637s ]
INFO: [ route_check ] --END-- [ RunTime:0.002993s ]
INFO: [ app_begin ] --START--
INFO: ReadHtmlCache Behavior ::run [ RunTime:0.003146s ]
INFO: [ app_begin ] --END-- [ RunTime:0.003530s ]
NOTIC: [8] Use of undefined constant name - assumed 'name' D:\wamp\www\fMail\Lib\Action\IndexAction.class.php 第 111 行.

[ 2014-03-09T20:10:26+08:00 ] 127.0.0.1 /fMail.php/Index/sendMail?toAddress=11302010010@fudan.edu.cn&subject=
INFO: [ route_check ] --START--
INFO: CheckRoute Behavior ::run [ RunTime:0.001856s ]
INFO: [ route_check ] --END-- [ RunTime:0.002153s ]
INFO: [ app_begin ] --START--
INFO: ReadHtmlCache Behavior ::run [ RunTime:0.001175s ]
INFO: [ app_begin ] --END-- [ RunTime:0.001364s ]
NOTIC: [8] Use of undefined constant name - assumed 'name' D:\wamp\www\fMail\Lib\Action\IndexAction.class.php 第 111 行.

[ 2014-03-09T20:10:30+08:00 ] 127.0.0.1 /fMail.php/Index/sendMail?toAddress=11302010010@fudan.edu.cn&subject=
INFO: [ route_check ] --START--
INFO: CheckRoute Behavior ::run [ RunTime:0.001887s ]
INFO: [ route_check ] --END-- [ RunTime:0.002157s ]
INFO: [ app_begin ] --START--
INFO: ReadHtmlCache Behavior ::run [ RunTime:0.000851s ]
INFO: [ app_begin ] --END-- [ RunTime:0.000982s ]
NOTIC: [8] Use of undefined constant name - assumed 'name' D:\wamp\www\fMail\Lib\Action\IndexAction.class.php 第 111 行.

[ 2014-03-09T20:16:40+08:00 ] 127.0.0.1 /fMail.php/Index/sendMail?toAddress=11302010067@fudan.edu.cn
INFO: [ route_check ] --START--
INFO: CheckRoute Behavior ::run [ RunTime:0.002510s ]
INFO: [ route_check ] --END-- [ RunTime:0.002797s ]
INFO: [ app_begin ] --START--
INFO: ReadHtmlCache Behavior ::run [ RunTime:0.001810s ]
INFO: [ app_begin ] --END-- [ RunTime:0.002074s ]
NOTIC: [8] Use of undefined constant name - assumed 'name' D:\wamp\www\fMail\Lib\Action\IndexAction.class.php 第 111 行.

